<?xml version="1.0" encoding="UTF-8"?>
<!-- Generated by org.testng.reporters.JUnitReportReporter -->
<testsuite hostname="Tarunavya" failures="0" tests="7" name="mar03.Test_ng_2" time="94.233" errors="0" timestamp="2024-04-07T17:53:00 IST" skipped="0">
  <testcase classname="mar03.Test_ng_2" name="leave" time="13.086"/>
  <system-out>
    <![CDATA[exectind leave test]]>
  </system-out>
  <testcase classname="mar03.Test_ng_2" name="pim" time="13.702"/>
  <system-out>
    <![CDATA[exectind pim test]]>
  </system-out>
  <testcase classname="mar03.Test_ng_2" name="admin" time="11.366"/>
  <system-out>
    <![CDATA[exectind admin test]]>
  </system-out>
  <testcase classname="mar03.Test_ng_2" name="admin" time="12.176"/>
  <system-out>
    <![CDATA[exectind admin test]]>
  </system-out>
  <testcase classname="mar03.Test_ng_2" name="admin" time="12.877"/>
  <system-out>
    <![CDATA[exectind admin test]]>
  </system-out>
  <testcase classname="mar03.Test_ng_2" name="admin" time="17.865"/>
  <system-out>
    <![CDATA[exectind admin test]]>
  </system-out>
  <testcase classname="mar03.Test_ng_2" name="admin" time="13.161"/>
  <system-out>
    <![CDATA[exectind admin test]]>
  </system-out>
</testsuite> <!-- mar03.Test_ng_2 -->
