<?xml version="1.0" encoding="UTF-8"?>
<!-- Generated by org.testng.reporters.JUnitReportReporter -->
<testsuite hostname="Tarunavya" failures="0" tests="7" name="apr04.Invocation" time="78.632" errors="0" timestamp="2024-04-07T14:13:40 IST" skipped="0">
  <testcase classname="apr04.Invocation" name="pim" time="10.453"/>
  <system-out>
    <![CDATA[exectind pim test]]>
  </system-out>
  <testcase classname="apr04.Invocation" name="leave" time="9.797"/>
  <system-out>
    <![CDATA[exectind leave test]]>
  </system-out>
  <testcase classname="apr04.Invocation" name="admin" time="13.242"/>
  <system-out>
    <![CDATA[exectind admin test]]>
  </system-out>
  <testcase classname="apr04.Invocation" name="admin" time="12.257"/>
  <system-out>
    <![CDATA[exectind admin test]]>
  </system-out>
  <testcase classname="apr04.Invocation" name="admin" time="10.465"/>
  <system-out>
    <![CDATA[exectind admin test]]>
  </system-out>
  <testcase classname="apr04.Invocation" name="admin" time="10.434"/>
  <system-out>
    <![CDATA[exectind admin test]]>
  </system-out>
  <testcase classname="apr04.Invocation" name="admin" time="11.984"/>
  <system-out>
    <![CDATA[exectind admin test]]>
  </system-out>
</testsuite> <!-- apr04.Invocation -->
