<?xml version="1.0" encoding="UTF-8"?>
<!-- Generated by org.testng.reporters.JUnitReportReporter -->
<testsuite hostname="Tarunavya" failures="0" tests="1" name="apr05.Assert_false" time="3.029" errors="0" timestamp="2024-04-07T18:48:05 IST" skipped="0">
  <testcase classname="apr05.Assert_false" name="starTest" time="3.029"/>
  <system-out/>
</testsuite> <!-- apr05.Assert_false -->
