<?xml version="1.0" encoding="UTF-8"?>
<!-- Generated by org.testng.reporters.JUnitReportReporter -->
<testsuite hostname="Tarunavya" failures="0" tests="10" name="apr05.Cross_browsering_testing" time="11.011" errors="0" timestamp="2024-04-07T18:10:49 IST" skipped="0">
  <testcase classname="apr05.Cross_browsering_testing" name="verify_login" time="0.964"/>
  <system-out>
    <![CDATA[login sucess::dashboard      http://orangehrm.qedgetech.com/symfony/web/index.php/dashboard]]>
  </system-out>
  <testcase classname="apr05.Cross_browsering_testing" name="verify_login" time="2.213"/>
  <system-out>
    <![CDATA[login sucess::dashboard      http://orangehrm.qedgetech.com/symfony/web/index.php/dashboard]]>
  </system-out>
  <testcase classname="apr05.Cross_browsering_testing" name="verify_login" time="0.785"/>
  <system-out>
    <![CDATA[login sucess::dashboard      http://orangehrm.qedgetech.com/symfony/web/index.php/dashboard]]>
  </system-out>
  <testcase classname="apr05.Cross_browsering_testing" name="verify_login" time="1.056"/>
  <system-out>
    <![CDATA[login fail::dashboard      http://orangehrm.qedgetech.com/symfony/web/index.php/auth/validateCredentials]]>
  </system-out>
  <testcase classname="apr05.Cross_browsering_testing" name="verify_login" time="0.457"/>
  <system-out>
    <![CDATA[login fail::dashboard      http://orangehrm.qedgetech.com/symfony/web/index.php/auth/validateCredentials]]>
  </system-out>
  <testcase classname="apr05.Cross_browsering_testing" name="verify_login" time="0.790"/>
  <system-out>
    <![CDATA[login sucess::dashboard      http://orangehrm.qedgetech.com/symfony/web/index.php/dashboard]]>
  </system-out>
  <testcase classname="apr05.Cross_browsering_testing" name="verify_login" time="1.077"/>
  <system-out>
    <![CDATA[login sucess::dashboard      http://orangehrm.qedgetech.com/symfony/web/index.php/dashboard]]>
  </system-out>
  <testcase classname="apr05.Cross_browsering_testing" name="verify_login" time="1.206"/>
  <system-out>
    <![CDATA[login fail::dashboard      http://orangehrm.qedgetech.com/symfony/web/index.php/auth/validateCredentials]]>
  </system-out>
  <testcase classname="apr05.Cross_browsering_testing" name="verify_login" time="0.379"/>
  <system-out>
    <![CDATA[login fail::dashboard      http://orangehrm.qedgetech.com/symfony/web/index.php/auth/validateCredentials]]>
  </system-out>
  <testcase classname="apr05.Cross_browsering_testing" name="verify_login" time="2.084"/>
  <system-out>
    <![CDATA[login sucess::dashboard      http://orangehrm.qedgetech.com/symfony/web/index.php/dashboard]]>
  </system-out>
</testsuite> <!-- apr05.Cross_browsering_testing -->
