<?xml version="1.0" encoding="UTF-8"?>
<!-- Generated by org.testng.reporters.JUnitReportReporter -->
<testsuite hostname="Tarunavya" failures="0" tests="1" name="apr05.Verifytest_tittle" time="4.279" errors="0" timestamp="2024-04-07T18:31:57 IST" skipped="0">
  <testcase classname="apr05.Verifytest_tittle" name="starTest" time="4.279"/>
  <system-out>
    <![CDATA[tiltle is not matching expected [Gmail] but found [Google]]]>
  </system-out>
</testsuite> <!-- apr05.Verifytest_tittle -->
