<?xml version="1.0" encoding="UTF-8"?>
<!-- Generated by org.testng.reporters.JUnitReportReporter -->
<testsuite hostname="Tarunavya" failures="0" tests="1" name="apr05.Assert_true" time="3.714" errors="0" timestamp="2024-04-07T18:46:42 IST" skipped="0">
  <testcase classname="apr05.Assert_true" name="starTest" time="3.714"/>
  <system-out/>
</testsuite> <!-- apr05.Assert_true -->
