<?xml version="1.0" encoding="UTF-8"?>
<!-- Generated by org.testng.reporters.JUnitReportReporter -->
<testsuite hostname="Tarunavya" failures="0" tests="3" name="mar03.Before_test_after_test01" time="0.042" errors="0" timestamp="2024-04-07T17:53:00 IST" skipped="0">
  <testcase classname="mar03.Before_test_after_test01" name="ibanking" time="0.014"/>
  <system-out>
    <![CDATA[executing i banking]]>
  </system-out>
  <testcase classname="mar03.Before_test_after_test01" name="pbanking" time="0.011"/>
  <system-out>
    <![CDATA[executing p banking]]>
  </system-out>
  <testcase classname="mar03.Before_test_after_test01" name="cbanking" time="0.017"/>
  <system-out>
    <![CDATA[executing c banking]]>
  </system-out>
</testsuite> <!-- mar03.Before_test_after_test01 -->
