<?xml version="1.0" encoding="UTF-8"?>
<!-- Generated by org.testng.reporters.JUnitReportReporter -->
<testsuite hostname="Tarunavya" failures="0" tests="5" name="apr04.Data_provider" time="15.591" errors="0" timestamp="2024-04-07T18:09:23 IST" skipped="0">
  <testcase classname="apr04.Data_provider" name="verify_login" time="4.705"/>
  <system-out>
    <![CDATA[login sucess::dashboard      http://orangehrm.qedgetech.com/symfony/web/index.php/dashboard]]>
  </system-out>
  <testcase classname="apr04.Data_provider" name="verify_login" time="2.629"/>
  <system-out>
    <![CDATA[login fail ::dashboard      http://orangehrm.qedgetech.com/symfony/web/index.php/auth/validateCredentials]]>
  </system-out>
  <testcase classname="apr04.Data_provider" name="verify_login" time="2.888"/>
  <system-out>
    <![CDATA[login sucess::dashboard      http://orangehrm.qedgetech.com/symfony/web/index.php/dashboard]]>
  </system-out>
  <testcase classname="apr04.Data_provider" name="verify_login" time="2.968"/>
  <system-out>
    <![CDATA[login sucess::dashboard      http://orangehrm.qedgetech.com/symfony/web/index.php/dashboard]]>
  </system-out>
  <testcase classname="apr04.Data_provider" name="verify_login" time="2.401"/>
  <system-out>
    <![CDATA[login fail ::dashboard      http://orangehrm.qedgetech.com/symfony/web/index.php/auth/validateCredentials]]>
  </system-out>
</testsuite> <!-- apr04.Data_provider -->
